This file contains any messages produced by compilers while
running configure, to aid debugging if configure makes a mistake.

It was created by openSMILE configure 2.0.0, which was
generated by GNU Autoconf 2.69.  Invocation command line was

  $ ./configure --prefix=/home/ryan/Desktop/openSMILE-2.1.0/inst --with-portaudio=yes

## --------- ##
## Platform. ##
## --------- ##

hostname = ryan-VirtualBox
uname -m = x86_64
uname -r = 4.4.0-57-generic
uname -s = Linux
uname -v = #78-Ubuntu SMP Fri Dec 9 23:50:32 UTC 2016

/usr/bin/uname -p = unknown
/bin/uname -X     = unknown

/bin/arch              = unknown
/usr/bin/arch -k       = unknown
/usr/convex/getsysinfo = unknown
/usr/bin/hostinfo      = unknown
/bin/machine           = unknown
/usr/bin/oslevel       = unknown
/bin/universe          = unknown

PATH: /home/ryan/bin
PATH: /home/ryan/.local/bin
PATH: /usr/local/sbin
PATH: /usr/local/bin
PATH: /usr/sbin
PATH: /usr/bin
PATH: /sbin
PATH: /bin
PATH: /usr/games
PATH: /usr/local/games
PATH: /snap/bin


## ----------- ##
## Core tests. ##
## ----------- ##

configure:2538: checking for a BSD-compatible install
configure:2606: result: /usr/bin/install -c
configure:2617: checking whether build environment is sane
configure:2672: result: yes
configure:2823: checking for a thread-safe mkdir -p
configure:2862: result: /bin/mkdir -p
configure:2869: checking for gawk
configure:2899: result: no
configure:2869: checking for mawk
configure:2885: found /usr/bin/mawk
configure:2896: result: mawk
configure:2907: checking whether make sets $(MAKE)
configure:2929: result: yes
configure:2958: checking whether make supports nested variables
configure:2975: result: yes
configure:3152: checking for gcc
configure:3168: found /usr/bin/gcc
configure:3179: result: gcc
configure:3408: checking for C compiler version
configure:3417: gcc --version >&5
gcc (Ubuntu 5.4.0-6ubuntu1~16.04.4) 5.4.0 20160609
Copyright (C) 2015 Free Software Foundation, Inc.
This is free software; see the source for copying conditions.  There is NO
warranty; not even for MERCHANTABILITY or FITNESS FOR A PARTICULAR PURPOSE.

configure:3428: $? = 0
configure:3417: gcc -v >&5
Using built-in specs.
COLLECT_GCC=gcc
COLLECT_LTO_WRAPPER=/usr/lib/gcc/x86_64-linux-gnu/5/lto-wrapper
Target: x86_64-linux-gnu
Configured with: ../src/configure -v --with-pkgversion='Ubuntu 5.4.0-6ubuntu1~16.04.4' --with-bugurl=file:///usr/share/doc/gcc-5/README.Bugs --enable-languages=c,ada,c++,java,go,d,fortran,objc,obj-c++ --prefix=/usr --program-suffix=-5 --enable-shared --enable-linker-build-id --libexecdir=/usr/lib --without-included-gettext --enable-threads=posix --libdir=/usr/lib --enable-nls --with-sysroot=/ --enable-clocale=gnu --enable-libstdcxx-debug --enable-libstdcxx-time=yes --with-default-libstdcxx-abi=new --enable-gnu-unique-object --disable-vtable-verify --enable-libmpx --enable-plugin --with-system-zlib --disable-browser-plugin --enable-java-awt=gtk --enable-gtk-cairo --with-java-home=/usr/lib/jvm/java-1.5.0-gcj-5-amd64/jre --enable-java-home --with-jvm-root-dir=/usr/lib/jvm/java-1.5.0-gcj-5-amd64 --with-jvm-jar-dir=/usr/lib/jvm-exports/java-1.5.0-gcj-5-amd64 --with-arch-directory=amd64 --with-ecj-jar=/usr/share/java/eclipse-ecj.jar --enable-objc-gc --enable-multiarch --disable-werror --with-arch-32=i686 --with-abi=m64 --with-multilib-list=m32,m64,mx32 --enable-multilib --with-tune=generic --enable-checking=release --build=x86_64-linux-gnu --host=x86_64-linux-gnu --target=x86_64-linux-gnu
Thread model: posix
gcc version 5.4.0 20160609 (Ubuntu 5.4.0-6ubuntu1~16.04.4) 
configure:3428: $? = 0
configure:3417: gcc -V >&5
gcc: error: unrecognized command line option '-V'
gcc: fatal error: no input files
compilation terminated.
configure:3428: $? = 1
configure:3417: gcc -qversion >&5
gcc: error: unrecognized command line option '-qversion'
gcc: fatal error: no input files
compilation terminated.
configure:3428: $? = 1
configure:3448: checking whether the C compiler works
configure:3470: gcc -O2 -mfpmath=sse -march=native   conftest.c  >&5
configure:3474: $? = 0
configure:3522: result: yes
configure:3525: checking for C compiler default output file name
configure:3527: result: a.out
configure:3533: checking for suffix of executables
configure:3540: gcc -o conftest -O2 -mfpmath=sse -march=native   conftest.c  >&5
configure:3544: $? = 0
configure:3566: result: 
configure:3588: checking whether we are cross compiling
configure:3596: gcc -o conftest -O2 -mfpmath=sse -march=native   conftest.c  >&5
configure:3600: $? = 0
configure:3607: ./conftest
configure:3611: $? = 0
configure:3626: result: no
configure:3631: checking for suffix of object files
configure:3653: gcc -c -O2 -mfpmath=sse -march=native  conftest.c >&5
configure:3657: $? = 0
configure:3678: result: o
configure:3682: checking whether we are using the GNU C compiler
configure:3701: gcc -c -O2 -mfpmath=sse -march=native  conftest.c >&5
configure:3701: $? = 0
configure:3710: result: yes
configure:3719: checking whether gcc accepts -g
configure:3739: gcc -c -g  conftest.c >&5
configure:3739: $? = 0
configure:3780: result: yes
configure:3797: checking for gcc option to accept ISO C89
configure:3860: gcc  -c -O2 -mfpmath=sse -march=native  conftest.c >&5
configure:3860: $? = 0
configure:3873: result: none needed
configure:3898: checking whether gcc understands -c and -o together
configure:3920: gcc -c conftest.c -o conftest2.o
configure:3923: $? = 0
configure:3920: gcc -c conftest.c -o conftest2.o
configure:3923: $? = 0
configure:3935: result: yes
configure:3963: checking for style of include used by make
configure:3991: result: GNU
configure:4017: checking dependency style of gcc
configure:4128: result: gcc3
configure:4201: checking for g++
configure:4217: found /usr/bin/g++
configure:4228: result: g++
configure:4255: checking for C++ compiler version
configure:4264: g++ --version >&5
g++ (Ubuntu 5.4.0-6ubuntu1~16.04.4) 5.4.0 20160609
Copyright (C) 2015 Free Software Foundation, Inc.
This is free software; see the source for copying conditions.  There is NO
warranty; not even for MERCHANTABILITY or FITNESS FOR A PARTICULAR PURPOSE.

configure:4275: $? = 0
configure:4264: g++ -v >&5
Using built-in specs.
COLLECT_GCC=g++
COLLECT_LTO_WRAPPER=/usr/lib/gcc/x86_64-linux-gnu/5/lto-wrapper
Target: x86_64-linux-gnu
Configured with: ../src/configure -v --with-pkgversion='Ubuntu 5.4.0-6ubuntu1~16.04.4' --with-bugurl=file:///usr/share/doc/gcc-5/README.Bugs --enable-languages=c,ada,c++,java,go,d,fortran,objc,obj-c++ --prefix=/usr --program-suffix=-5 --enable-shared --enable-linker-build-id --libexecdir=/usr/lib --without-included-gettext --enable-threads=posix --libdir=/usr/lib --enable-nls --with-sysroot=/ --enable-clocale=gnu --enable-libstdcxx-debug --enable-libstdcxx-time=yes --with-default-libstdcxx-abi=new --enable-gnu-unique-object --disable-vtable-verify --enable-libmpx --enable-plugin --with-system-zlib --disable-browser-plugin --enable-java-awt=gtk --enable-gtk-cairo --with-java-home=/usr/lib/jvm/java-1.5.0-gcj-5-amd64/jre --enable-java-home --with-jvm-root-dir=/usr/lib/jvm/java-1.5.0-gcj-5-amd64 --with-jvm-jar-dir=/usr/lib/jvm-exports/java-1.5.0-gcj-5-amd64 --with-arch-directory=amd64 --with-ecj-jar=/usr/share/java/eclipse-ecj.jar --enable-objc-gc --enable-multiarch --disable-werror --with-arch-32=i686 --with-abi=m64 --with-multilib-list=m32,m64,mx32 --enable-multilib --with-tune=generic --enable-checking=release --build=x86_64-linux-gnu --host=x86_64-linux-gnu --target=x86_64-linux-gnu
Thread model: posix
gcc version 5.4.0 20160609 (Ubuntu 5.4.0-6ubuntu1~16.04.4) 
configure:4275: $? = 0
configure:4264: g++ -V >&5
g++: error: unrecognized command line option '-V'
g++: fatal error: no input files
compilation terminated.
configure:4275: $? = 1
configure:4264: g++ -qversion >&5
g++: error: unrecognized command line option '-qversion'
g++: fatal error: no input files
compilation terminated.
configure:4275: $? = 1
configure:4279: checking whether we are using the GNU C++ compiler
configure:4298: g++ -c -O2 -mfpmath=sse -march=native  conftest.cpp >&5
configure:4298: $? = 0
configure:4307: result: yes
configure:4316: checking whether g++ accepts -g
configure:4336: g++ -c -g  conftest.cpp >&5
configure:4336: $? = 0
configure:4377: result: yes
configure:4402: checking dependency style of g++
configure:4513: result: gcc3
configure:4558: checking build system type
configure:4572: result: x86_64-pc-linux-gnu
configure:4592: checking host system type
configure:4605: result: x86_64-pc-linux-gnu
configure:4646: checking how to print strings
configure:4673: result: printf
configure:4694: checking for a sed that does not truncate output
configure:4758: result: /bin/sed
configure:4776: checking for grep that handles long lines and -e
configure:4834: result: /bin/grep
configure:4839: checking for egrep
configure:4901: result: /bin/grep -E
configure:4906: checking for fgrep
configure:4968: result: /bin/grep -F
configure:5003: checking for ld used by gcc
configure:5070: result: /usr/bin/ld
configure:5077: checking if the linker (/usr/bin/ld) is GNU ld
configure:5092: result: yes
configure:5104: checking for BSD- or MS-compatible name lister (nm)
configure:5158: result: /usr/bin/nm -B
configure:5288: checking the name lister (/usr/bin/nm -B) interface
configure:5295: gcc -c -O2 -mfpmath=sse -march=native  conftest.c >&5
configure:5298: /usr/bin/nm -B "conftest.o"
configure:5301: output
0000000000000000 B some_variable
configure:5308: result: BSD nm
configure:5311: checking whether ln -s works
configure:5315: result: yes
configure:5323: checking the maximum length of command line arguments
configure:5454: result: 1572864
configure:5502: checking how to convert x86_64-pc-linux-gnu file names to x86_64-pc-linux-gnu format
configure:5542: result: func_convert_file_noop
configure:5549: checking how to convert x86_64-pc-linux-gnu file names to toolchain format
configure:5569: result: func_convert_file_noop
configure:5576: checking for /usr/bin/ld option to reload object files
configure:5583: result: -r
configure:5657: checking for objdump
configure:5673: found /usr/bin/objdump
configure:5684: result: objdump
configure:5716: checking how to recognize dependent libraries
configure:5916: result: pass_all
configure:6001: checking for dlltool
configure:6031: result: no
configure:6061: checking how to associate runtime and link libraries
configure:6088: result: printf %s\n
configure:6149: checking for ar
configure:6165: found /usr/bin/ar
configure:6176: result: ar
configure:6213: checking for archiver @FILE support
configure:6230: gcc -c -O2 -mfpmath=sse -march=native  conftest.c >&5
configure:6230: $? = 0
configure:6233: ar cru libconftest.a @conftest.lst >&5
ar: `u' modifier ignored since `D' is the default (see `U')
configure:6236: $? = 0
configure:6241: ar cru libconftest.a @conftest.lst >&5
ar: `u' modifier ignored since `D' is the default (see `U')
ar: conftest.o: No such file or directory
configure:6244: $? = 1
configure:6256: result: @
configure:6314: checking for strip
configure:6330: found /usr/bin/strip
configure:6341: result: strip
configure:6413: checking for ranlib
configure:6429: found /usr/bin/ranlib
configure:6440: result: ranlib
configure:6542: checking command to parse /usr/bin/nm -B output from gcc object
configure:6695: gcc -c -O2 -mfpmath=sse -march=native  conftest.c >&5
configure:6698: $? = 0
configure:6702: /usr/bin/nm -B conftest.o \| sed -n -e 's/^.*[ ]\([ABCDGIRSTW][ABCDGIRSTW]*\)[ ][ ]*\([_A-Za-z][_A-Za-z0-9]*\)$/\1 \2 \2/p' | sed '/ __gnu_lto/d' \> conftest.nm
configure:6705: $? = 0
configure:6771: gcc -o conftest -O2 -mfpmath=sse -march=native   conftest.c conftstm.o >&5
configure:6774: $? = 0
configure:6812: result: ok
configure:6859: checking for sysroot
configure:6889: result: no
configure:6896: checking for a working dd
configure:6934: result: /bin/dd
configure:6938: checking how to truncate binary pipes
configure:6953: result: /bin/dd bs=4096 count=1
configure:7089: gcc -c -O2 -mfpmath=sse -march=native  conftest.c >&5
configure:7092: $? = 0
configure:7282: checking for mt
configure:7298: found /bin/mt
configure:7309: result: mt
configure:7332: checking if mt is a manifest tool
configure:7338: mt '-?'
configure:7346: result: no
configure:8023: checking how to run the C preprocessor
configure:8054: gcc -E  conftest.c
configure:8054: $? = 0
configure:8068: gcc -E  conftest.c
conftest.c:11:28: fatal error: ac_nonexistent.h: No such file or directory
compilation terminated.
configure:8068: $? = 1
configure: failed program was:
| /* confdefs.h */
| #define PACKAGE_NAME "openSMILE"
| #define PACKAGE_TARNAME "opensmile"
| #define PACKAGE_VERSION "2.0.0"
| #define PACKAGE_STRING "openSMILE 2.0.0"
| #define PACKAGE_BUGREPORT ""
| #define PACKAGE_URL ""
| #define PACKAGE "opensmile"
| #define VERSION "2.0.0"
| /* end confdefs.h.  */
| #include <ac_nonexistent.h>
configure:8093: result: gcc -E
configure:8113: gcc -E  conftest.c
configure:8113: $? = 0
configure:8127: gcc -E  conftest.c
conftest.c:11:28: fatal error: ac_nonexistent.h: No such file or directory
compilation terminated.
configure:8127: $? = 1
configure: failed program was:
| /* confdefs.h */
| #define PACKAGE_NAME "openSMILE"
| #define PACKAGE_TARNAME "opensmile"
| #define PACKAGE_VERSION "2.0.0"
| #define PACKAGE_STRING "openSMILE 2.0.0"
| #define PACKAGE_BUGREPORT ""
| #define PACKAGE_URL ""
| #define PACKAGE "opensmile"
| #define VERSION "2.0.0"
| /* end confdefs.h.  */
| #include <ac_nonexistent.h>
configure:8156: checking for ANSI C header files
configure:8176: gcc -c -O2 -mfpmath=sse -march=native  conftest.c >&5
configure:8176: $? = 0
configure:8249: gcc -o conftest -O2 -mfpmath=sse -march=native   conftest.c  >&5
configure:8249: $? = 0
configure:8249: ./conftest
configure:8249: $? = 0
configure:8260: result: yes
configure:8273: checking for sys/types.h
configure:8273: gcc -c -O2 -mfpmath=sse -march=native  conftest.c >&5
configure:8273: $? = 0
configure:8273: result: yes
configure:8273: checking for sys/stat.h
configure:8273: gcc -c -O2 -mfpmath=sse -march=native  conftest.c >&5
configure:8273: $? = 0
configure:8273: result: yes
configure:8273: checking for stdlib.h
configure:8273: gcc -c -O2 -mfpmath=sse -march=native  conftest.c >&5
configure:8273: $? = 0
configure:8273: result: yes
configure:8273: checking for string.h
configure:8273: gcc -c -O2 -mfpmath=sse -march=native  conftest.c >&5
configure:8273: $? = 0
configure:8273: result: yes
configure:8273: checking for memory.h
configure:8273: gcc -c -O2 -mfpmath=sse -march=native  conftest.c >&5
configure:8273: $? = 0
configure:8273: result: yes
configure:8273: checking for strings.h
configure:8273: gcc -c -O2 -mfpmath=sse -march=native  conftest.c >&5
configure:8273: $? = 0
configure:8273: result: yes
configure:8273: checking for inttypes.h
configure:8273: gcc -c -O2 -mfpmath=sse -march=native  conftest.c >&5
configure:8273: $? = 0
configure:8273: result: yes
configure:8273: checking for stdint.h
configure:8273: gcc -c -O2 -mfpmath=sse -march=native  conftest.c >&5
configure:8273: $? = 0
configure:8273: result: yes
configure:8273: checking for unistd.h
configure:8273: gcc -c -O2 -mfpmath=sse -march=native  conftest.c >&5
configure:8273: $? = 0
configure:8273: result: yes
configure:8287: checking for dlfcn.h
configure:8287: gcc -c -O2 -mfpmath=sse -march=native  conftest.c >&5
configure:8287: $? = 0
configure:8287: result: yes
configure:8554: checking for objdir
configure:8569: result: .libs
configure:8833: checking if gcc supports -fno-rtti -fno-exceptions
configure:8851: gcc -c -O2 -mfpmath=sse -march=native  -fno-rtti -fno-exceptions conftest.c >&5
cc1: warning: command line option '-fno-rtti' is valid for C++/ObjC++ but not for C
configure:8855: $? = 0
configure:8868: result: no
configure:9226: checking for gcc option to produce PIC
configure:9233: result: -fPIC -DPIC
configure:9241: checking if gcc PIC flag -fPIC -DPIC works
configure:9259: gcc -c -O2 -mfpmath=sse -march=native  -fPIC -DPIC -DPIC conftest.c >&5
configure:9263: $? = 0
configure:9276: result: yes
configure:9305: checking if gcc static flag -static works
configure:9333: result: yes
configure:9348: checking if gcc supports -c -o file.o
configure:9369: gcc -c -O2 -mfpmath=sse -march=native  -o out/conftest2.o conftest.c >&5
configure:9373: $? = 0
configure:9395: result: yes
configure:9403: checking if gcc supports -c -o file.o
configure:9450: result: yes
configure:9483: checking whether the gcc linker (/usr/bin/ld -m elf_x86_64) supports shared libraries
configure:10746: result: yes
configure:10783: checking whether -lc should be explicitly linked in
configure:10791: gcc -c -O2 -mfpmath=sse -march=native  conftest.c >&5
configure:10794: $? = 0
configure:10809: gcc -shared  -fPIC -DPIC conftest.o  -v -Wl,-soname -Wl,conftest -o conftest 2\>\&1 \| /bin/grep  -lc  \>/dev/null 2\>\&1
configure:10812: $? = 0
configure:10826: result: no
configure:10986: checking dynamic linker characteristics
configure:11567: gcc -o conftest -O2 -mfpmath=sse -march=native   -Wl,-rpath -Wl,/foo conftest.c  >&5
configure:11567: $? = 0
configure:11816: result: GNU/Linux ld.so
configure:11938: checking how to hardcode library paths into programs
configure:11963: result: immediate
configure:12511: checking whether stripping libraries is possible
configure:12516: result: yes
configure:12551: checking if libtool supports shared libraries
configure:12553: result: yes
configure:12556: checking whether to build shared libraries
configure:12581: result: yes
configure:12584: checking whether to build static libraries
configure:12588: result: yes
configure:12611: checking how to run the C++ preprocessor
configure:12638: g++ -E  conftest.cpp
configure:12638: $? = 0
configure:12652: g++ -E  conftest.cpp
conftest.cpp:23:28: fatal error: ac_nonexistent.h: No such file or directory
compilation terminated.
configure:12652: $? = 1
configure: failed program was:
| /* confdefs.h */
| #define PACKAGE_NAME "openSMILE"
| #define PACKAGE_TARNAME "opensmile"
| #define PACKAGE_VERSION "2.0.0"
| #define PACKAGE_STRING "openSMILE 2.0.0"
| #define PACKAGE_BUGREPORT ""
| #define PACKAGE_URL ""
| #define PACKAGE "opensmile"
| #define VERSION "2.0.0"
| #define STDC_HEADERS 1
| #define HAVE_SYS_TYPES_H 1
| #define HAVE_SYS_STAT_H 1
| #define HAVE_STDLIB_H 1
| #define HAVE_STRING_H 1
| #define HAVE_MEMORY_H 1
| #define HAVE_STRINGS_H 1
| #define HAVE_INTTYPES_H 1
| #define HAVE_STDINT_H 1
| #define HAVE_UNISTD_H 1
| #define HAVE_DLFCN_H 1
| #define LT_OBJDIR ".libs/"
| /* end confdefs.h.  */
| #include <ac_nonexistent.h>
configure:12677: result: g++ -E
configure:12697: g++ -E  conftest.cpp
configure:12697: $? = 0
configure:12711: g++ -E  conftest.cpp
conftest.cpp:23:28: fatal error: ac_nonexistent.h: No such file or directory
compilation terminated.
configure:12711: $? = 1
configure: failed program was:
| /* confdefs.h */
| #define PACKAGE_NAME "openSMILE"
| #define PACKAGE_TARNAME "opensmile"
| #define PACKAGE_VERSION "2.0.0"
| #define PACKAGE_STRING "openSMILE 2.0.0"
| #define PACKAGE_BUGREPORT ""
| #define PACKAGE_URL ""
| #define PACKAGE "opensmile"
| #define VERSION "2.0.0"
| #define STDC_HEADERS 1
| #define HAVE_SYS_TYPES_H 1
| #define HAVE_SYS_STAT_H 1
| #define HAVE_STDLIB_H 1
| #define HAVE_STRING_H 1
| #define HAVE_MEMORY_H 1
| #define HAVE_STRINGS_H 1
| #define HAVE_INTTYPES_H 1
| #define HAVE_STDINT_H 1
| #define HAVE_UNISTD_H 1
| #define HAVE_DLFCN_H 1
| #define LT_OBJDIR ".libs/"
| /* end confdefs.h.  */
| #include <ac_nonexistent.h>
configure:12873: checking for ld used by g++
configure:12940: result: /usr/bin/ld -m elf_x86_64
configure:12947: checking if the linker (/usr/bin/ld -m elf_x86_64) is GNU ld
configure:12962: result: yes
configure:13017: checking whether the g++ linker (/usr/bin/ld -m elf_x86_64) supports shared libraries
configure:14090: result: yes
configure:14126: g++ -c -O2 -mfpmath=sse -march=native  conftest.cpp >&5
configure:14129: $? = 0
configure:14610: checking for g++ option to produce PIC
configure:14617: result: -fPIC -DPIC
configure:14625: checking if g++ PIC flag -fPIC -DPIC works
configure:14643: g++ -c -O2 -mfpmath=sse -march=native  -fPIC -DPIC -DPIC conftest.cpp >&5
configure:14647: $? = 0
configure:14660: result: yes
configure:14683: checking if g++ static flag -static works
configure:14711: result: yes
configure:14723: checking if g++ supports -c -o file.o
configure:14744: g++ -c -O2 -mfpmath=sse -march=native  -o out/conftest2.o conftest.cpp >&5
configure:14748: $? = 0
configure:14770: result: yes
configure:14775: checking if g++ supports -c -o file.o
configure:14822: result: yes
configure:14852: checking whether the g++ linker (/usr/bin/ld -m elf_x86_64) supports shared libraries
configure:14895: result: yes
configure:15036: checking dynamic linker characteristics
configure:15793: result: GNU/Linux ld.so
configure:15858: checking how to hardcode library paths into programs
configure:15883: result: immediate
configure:15979: checking for libsemaineapi
configure:16000: result: no
configure:16002: WARNING: LibSemaineAPI not found!! Configuring only standalone feature extractor
configure:16090: checking for Pa_Initialize in -lportaudio
configure:16115: gcc -o conftest -O2 -mfpmath=sse -march=native  -Iyes/include -Lyes/lib  conftest.c -lportaudio   >&5
configure:16115: $? = 0
configure:16124: result: yes
configure:16127: checking portaudio.h usability
configure:16127: gcc -c -O2 -mfpmath=sse -march=native  -Iyes/include conftest.c >&5
configure:16127: $? = 0
configure:16127: result: yes
configure:16127: checking portaudio.h presence
configure:16127: gcc -E  -Iyes/include conftest.c
configure:16127: $? = 0
configure:16127: result: yes
configure:16127: checking for portaudio.h
configure:16127: result: yes
configure:16135: checking for Pa_GetHostApiCount in -lportaudio
configure:16160: gcc -o conftest -O2 -mfpmath=sse -march=native  -Iyes/include -Lyes/lib  conftest.c -lportaudio   >&5
configure:16160: $? = 0
configure:16169: result: yes
configure:16536: checking for the pthreads library -lpthreads
configure:16569: gcc -o conftest -O2 -mfpmath=sse -march=native    conftest.c -lpthreads  >&5
conftest.c: In function 'main':
conftest.c:30:22: warning: null argument where non-null required (argument 1) [-Wnonnull]
                      pthread_attr_init(0); pthread_cleanup_push(0, 0);
                      ^
conftest.c:31:22: warning: null argument where non-null required (argument 1) [-Wnonnull]
                      pthread_create(0,0,0,0); pthread_cleanup_pop(0);
                      ^
conftest.c:31:22: warning: null argument where non-null required (argument 3) [-Wnonnull]
/usr/bin/ld: cannot find -lpthreads
collect2: error: ld returned 1 exit status
configure:16569: $? = 1
configure: failed program was:
| /* confdefs.h */
| #define PACKAGE_NAME "openSMILE"
| #define PACKAGE_TARNAME "opensmile"
| #define PACKAGE_VERSION "2.0.0"
| #define PACKAGE_STRING "openSMILE 2.0.0"
| #define PACKAGE_BUGREPORT ""
| #define PACKAGE_URL ""
| #define PACKAGE "opensmile"
| #define VERSION "2.0.0"
| #define STDC_HEADERS 1
| #define HAVE_SYS_TYPES_H 1
| #define HAVE_SYS_STAT_H 1
| #define HAVE_STDLIB_H 1
| #define HAVE_STRING_H 1
| #define HAVE_MEMORY_H 1
| #define HAVE_STRINGS_H 1
| #define HAVE_INTTYPES_H 1
| #define HAVE_STDINT_H 1
| #define HAVE_UNISTD_H 1
| #define HAVE_DLFCN_H 1
| #define LT_OBJDIR ".libs/"
| #define HAVE_PORTAUDIO 1
| #define HAVE_PORTAUDIO_V19 1
| /* end confdefs.h.  */
| #include <pthread.h>
| int
| main ()
| {
| pthread_t th; pthread_join(th, 0);
|                      pthread_attr_init(0); pthread_cleanup_push(0, 0);
|                      pthread_create(0,0,0,0); pthread_cleanup_pop(0);
|   ;
|   return 0;
| }
configure:16578: result: no
configure:16481: checking whether pthreads work without any flags
configure:16569: gcc -o conftest -O2 -mfpmath=sse -march=native    conftest.c   >&5
conftest.c: In function 'main':
conftest.c:30:22: warning: null argument where non-null required (argument 1) [-Wnonnull]
                      pthread_attr_init(0); pthread_cleanup_push(0, 0);
                      ^
conftest.c:31:22: warning: null argument where non-null required (argument 1) [-Wnonnull]
                      pthread_create(0,0,0,0); pthread_cleanup_pop(0);
                      ^
conftest.c:31:22: warning: null argument where non-null required (argument 3) [-Wnonnull]
/tmp/cchr8nd4.o: In function `main':
conftest.c:(.text.startup+0x19): undefined reference to `pthread_join'
conftest.c:(.text.startup+0x36): undefined reference to `__pthread_register_cancel'
conftest.c:(.text.startup+0x43): undefined reference to `pthread_create'
conftest.c:(.text.startup+0x4b): undefined reference to `__pthread_unregister_cancel'
collect2: error: ld returned 1 exit status
configure:16569: $? = 1
configure: failed program was:
| /* confdefs.h */
| #define PACKAGE_NAME "openSMILE"
| #define PACKAGE_TARNAME "opensmile"
| #define PACKAGE_VERSION "2.0.0"
| #define PACKAGE_STRING "openSMILE 2.0.0"
| #define PACKAGE_BUGREPORT ""
| #define PACKAGE_URL ""
| #define PACKAGE "opensmile"
| #define VERSION "2.0.0"
| #define STDC_HEADERS 1
| #define HAVE_SYS_TYPES_H 1
| #define HAVE_SYS_STAT_H 1
| #define HAVE_STDLIB_H 1
| #define HAVE_STRING_H 1
| #define HAVE_MEMORY_H 1
| #define HAVE_STRINGS_H 1
| #define HAVE_INTTYPES_H 1
| #define HAVE_STDINT_H 1
| #define HAVE_UNISTD_H 1
| #define HAVE_DLFCN_H 1
| #define LT_OBJDIR ".libs/"
| #define HAVE_PORTAUDIO 1
| #define HAVE_PORTAUDIO_V19 1
| /* end confdefs.h.  */
| #include <pthread.h>
| int
| main ()
| {
| pthread_t th; pthread_join(th, 0);
|                      pthread_attr_init(0); pthread_cleanup_push(0, 0);
|                      pthread_create(0,0,0,0); pthread_cleanup_pop(0);
|   ;
|   return 0;
| }
configure:16578: result: no
configure:16486: checking whether pthreads work with -Kthread
configure:16569: gcc -o conftest -O2 -mfpmath=sse -march=native -Kthread   conftest.c   >&5
gcc: error: unrecognized command line option '-Kthread'
configure:16569: $? = 1
configure: failed program was:
| /* confdefs.h */
| #define PACKAGE_NAME "openSMILE"
| #define PACKAGE_TARNAME "opensmile"
| #define PACKAGE_VERSION "2.0.0"
| #define PACKAGE_STRING "openSMILE 2.0.0"
| #define PACKAGE_BUGREPORT ""
| #define PACKAGE_URL ""
| #define PACKAGE "opensmile"
| #define VERSION "2.0.0"
| #define STDC_HEADERS 1
| #define HAVE_SYS_TYPES_H 1
| #define HAVE_SYS_STAT_H 1
| #define HAVE_STDLIB_H 1
| #define HAVE_STRING_H 1
| #define HAVE_MEMORY_H 1
| #define HAVE_STRINGS_H 1
| #define HAVE_INTTYPES_H 1
| #define HAVE_STDINT_H 1
| #define HAVE_UNISTD_H 1
| #define HAVE_DLFCN_H 1
| #define LT_OBJDIR ".libs/"
| #define HAVE_PORTAUDIO 1
| #define HAVE_PORTAUDIO_V19 1
| /* end confdefs.h.  */
| #include <pthread.h>
| int
| main ()
| {
| pthread_t th; pthread_join(th, 0);
|                      pthread_attr_init(0); pthread_cleanup_push(0, 0);
|                      pthread_create(0,0,0,0); pthread_cleanup_pop(0);
|   ;
|   return 0;
| }
configure:16578: result: no
configure:16486: checking whether pthreads work with -kthread
configure:16569: gcc -o conftest -O2 -mfpmath=sse -march=native -kthread   conftest.c   >&5
gcc: error: unrecognized command line option '-kthread'
configure:16569: $? = 1
configure: failed program was:
| /* confdefs.h */
| #define PACKAGE_NAME "openSMILE"
| #define PACKAGE_TARNAME "opensmile"
| #define PACKAGE_VERSION "2.0.0"
| #define PACKAGE_STRING "openSMILE 2.0.0"
| #define PACKAGE_BUGREPORT ""
| #define PACKAGE_URL ""
| #define PACKAGE "opensmile"
| #define VERSION "2.0.0"
| #define STDC_HEADERS 1
| #define HAVE_SYS_TYPES_H 1
| #define HAVE_SYS_STAT_H 1
| #define HAVE_STDLIB_H 1
| #define HAVE_STRING_H 1
| #define HAVE_MEMORY_H 1
| #define HAVE_STRINGS_H 1
| #define HAVE_INTTYPES_H 1
| #define HAVE_STDINT_H 1
| #define HAVE_UNISTD_H 1
| #define HAVE_DLFCN_H 1
| #define LT_OBJDIR ".libs/"
| #define HAVE_PORTAUDIO 1
| #define HAVE_PORTAUDIO_V19 1
| /* end confdefs.h.  */
| #include <pthread.h>
| int
| main ()
| {
| pthread_t th; pthread_join(th, 0);
|                      pthread_attr_init(0); pthread_cleanup_push(0, 0);
|                      pthread_create(0,0,0,0); pthread_cleanup_pop(0);
|   ;
|   return 0;
| }
configure:16578: result: no
configure:16536: checking for the pthreads library -llthread
configure:16569: gcc -o conftest -O2 -mfpmath=sse -march=native    conftest.c -llthread  >&5
conftest.c: In function 'main':
conftest.c:30:22: warning: null argument where non-null required (argument 1) [-Wnonnull]
                      pthread_attr_init(0); pthread_cleanup_push(0, 0);
                      ^
conftest.c:31:22: warning: null argument where non-null required (argument 1) [-Wnonnull]
                      pthread_create(0,0,0,0); pthread_cleanup_pop(0);
                      ^
conftest.c:31:22: warning: null argument where non-null required (argument 3) [-Wnonnull]
/usr/bin/ld: cannot find -llthread
collect2: error: ld returned 1 exit status
configure:16569: $? = 1
configure: failed program was:
| /* confdefs.h */
| #define PACKAGE_NAME "openSMILE"
| #define PACKAGE_TARNAME "opensmile"
| #define PACKAGE_VERSION "2.0.0"
| #define PACKAGE_STRING "openSMILE 2.0.0"
| #define PACKAGE_BUGREPORT ""
| #define PACKAGE_URL ""
| #define PACKAGE "opensmile"
| #define VERSION "2.0.0"
| #define STDC_HEADERS 1
| #define HAVE_SYS_TYPES_H 1
| #define HAVE_SYS_STAT_H 1
| #define HAVE_STDLIB_H 1
| #define HAVE_STRING_H 1
| #define HAVE_MEMORY_H 1
| #define HAVE_STRINGS_H 1
| #define HAVE_INTTYPES_H 1
| #define HAVE_STDINT_H 1
| #define HAVE_UNISTD_H 1
| #define HAVE_DLFCN_H 1
| #define LT_OBJDIR ".libs/"
| #define HAVE_PORTAUDIO 1
| #define HAVE_PORTAUDIO_V19 1
| /* end confdefs.h.  */
| #include <pthread.h>
| int
| main ()
| {
| pthread_t th; pthread_join(th, 0);
|                      pthread_attr_init(0); pthread_cleanup_push(0, 0);
|                      pthread_create(0,0,0,0); pthread_cleanup_pop(0);
|   ;
|   return 0;
| }
configure:16578: result: no
configure:16536: checking for the pthreads library -lpthread
configure:16569: gcc -o conftest -O2 -mfpmath=sse -march=native    conftest.c -lpthread  >&5
conftest.c: In function 'main':
conftest.c:30:22: warning: null argument where non-null required (argument 1) [-Wnonnull]
                      pthread_attr_init(0); pthread_cleanup_push(0, 0);
                      ^
conftest.c:31:22: warning: null argument where non-null required (argument 1) [-Wnonnull]
                      pthread_create(0,0,0,0); pthread_cleanup_pop(0);
                      ^
conftest.c:31:22: warning: null argument where non-null required (argument 3) [-Wnonnull]
configure:16569: $? = 0
configure:16578: result: yes
configure:16597: checking for joinable pthread attribute
configure:16612: gcc -o conftest -O2 -mfpmath=sse -march=native    conftest.c -lpthread  >&5
configure:16612: $? = 0
configure:16618: result: PTHREAD_CREATE_JOINABLE
configure:16628: checking if more special flags are required for pthreads
configure:16635: result: no
configure:16795: WARNING: Disabling target SEMAINExtract beacuse libsemaineapi was not found or is not useable
configure:17025: checking that generated files are newer than configure
configure:17031: result: done
configure:17082: creating ./config.status

## ---------------------- ##
## Running config.status. ##
## ---------------------- ##

This file was extended by openSMILE config.status 2.0.0, which was
generated by GNU Autoconf 2.69.  Invocation command line was

  CONFIG_FILES    = 
  CONFIG_HEADERS  = 
  CONFIG_LINKS    = 
  CONFIG_COMMANDS = 
  $ ./config.status 

on ryan-VirtualBox

config.status:1182: creating Makefile
config.status:1182: creating config.h
config.status:1411: executing depfiles commands
config.status:1411: executing libtool commands

## ---------------- ##
## Cache variables. ##
## ---------------- ##

ac_cv_build=x86_64-pc-linux-gnu
ac_cv_c_compiler_gnu=yes
ac_cv_cxx_compiler_gnu=yes
ac_cv_env_CCC_set=
ac_cv_env_CCC_value=
ac_cv_env_CC_set=
ac_cv_env_CC_value=
ac_cv_env_CFLAGS_set=set
ac_cv_env_CFLAGS_value='-O2 -mfpmath=sse -march=native'
ac_cv_env_CPPFLAGS_set=
ac_cv_env_CPPFLAGS_value=
ac_cv_env_CPP_set=
ac_cv_env_CPP_value=
ac_cv_env_CXXCPP_set=
ac_cv_env_CXXCPP_value=
ac_cv_env_CXXFLAGS_set=set
ac_cv_env_CXXFLAGS_value='-O2 -mfpmath=sse -march=native'
ac_cv_env_CXX_set=
ac_cv_env_CXX_value=
ac_cv_env_LDFLAGS_set=
ac_cv_env_LDFLAGS_value=
ac_cv_env_LIBS_set=
ac_cv_env_LIBS_value=
ac_cv_env_LT_SYS_LIBRARY_PATH_set=
ac_cv_env_LT_SYS_LIBRARY_PATH_value=
ac_cv_env_build_alias_set=
ac_cv_env_build_alias_value=
ac_cv_env_host_alias_set=
ac_cv_env_host_alias_value=
ac_cv_env_target_alias_set=
ac_cv_env_target_alias_value=
ac_cv_header_dlfcn_h=yes
ac_cv_header_inttypes_h=yes
ac_cv_header_memory_h=yes
ac_cv_header_portaudio_h=yes
ac_cv_header_stdc=yes
ac_cv_header_stdint_h=yes
ac_cv_header_stdlib_h=yes
ac_cv_header_string_h=yes
ac_cv_header_strings_h=yes
ac_cv_header_sys_stat_h=yes
ac_cv_header_sys_types_h=yes
ac_cv_header_unistd_h=yes
ac_cv_host=x86_64-pc-linux-gnu
ac_cv_lib_portaudio_Pa_GetHostApiCount=yes
ac_cv_lib_portaudio_Pa_Initialize=yes
ac_cv_objext=o
ac_cv_path_EGREP='/bin/grep -E'
ac_cv_path_FGREP='/bin/grep -F'
ac_cv_path_GREP=/bin/grep
ac_cv_path_SED=/bin/sed
ac_cv_path_install='/usr/bin/install -c'
ac_cv_path_lt_DD=/bin/dd
ac_cv_path_mkdir=/bin/mkdir
ac_cv_prog_AWK=mawk
ac_cv_prog_CPP='gcc -E'
ac_cv_prog_CXXCPP='g++ -E'
ac_cv_prog_ac_ct_AR=ar
ac_cv_prog_ac_ct_CC=gcc
ac_cv_prog_ac_ct_CXX=g++
ac_cv_prog_ac_ct_MANIFEST_TOOL=mt
ac_cv_prog_ac_ct_OBJDUMP=objdump
ac_cv_prog_ac_ct_RANLIB=ranlib
ac_cv_prog_ac_ct_STRIP=strip
ac_cv_prog_cc_c89=
ac_cv_prog_cc_g=yes
ac_cv_prog_cxx_g=yes
ac_cv_prog_make_make_set=yes
am_cv_CC_dependencies_compiler_type=gcc3
am_cv_CXX_dependencies_compiler_type=gcc3
am_cv_make_support_nested_variables=yes
am_cv_prog_cc_c_o=yes
lt_cv_ar_at_file=@
lt_cv_archive_cmds_need_lc=no
lt_cv_deplibs_check_method=pass_all
lt_cv_file_magic_cmd='$MAGIC_CMD'
lt_cv_file_magic_test_file=
lt_cv_ld_reload_flag=-r
lt_cv_nm_interface='BSD nm'
lt_cv_objdir=.libs
lt_cv_path_LD=/usr/bin/ld
lt_cv_path_LDCXX='/usr/bin/ld -m elf_x86_64'
lt_cv_path_NM='/usr/bin/nm -B'
lt_cv_path_mainfest_tool=no
lt_cv_prog_compiler_c_o=yes
lt_cv_prog_compiler_c_o_CXX=yes
lt_cv_prog_compiler_pic='-fPIC -DPIC'
lt_cv_prog_compiler_pic_CXX='-fPIC -DPIC'
lt_cv_prog_compiler_pic_works=yes
lt_cv_prog_compiler_pic_works_CXX=yes
lt_cv_prog_compiler_rtti_exceptions=no
lt_cv_prog_compiler_static_works=yes
lt_cv_prog_compiler_static_works_CXX=yes
lt_cv_prog_gnu_ld=yes
lt_cv_prog_gnu_ldcxx=yes
lt_cv_sharedlib_from_linklib_cmd='printf %s\n'
lt_cv_shlibpath_overrides_runpath=no
lt_cv_sys_global_symbol_pipe='sed -n -e '\''s/^.*[	 ]\([ABCDGIRSTW][ABCDGIRSTW]*\)[	 ][	 ]*\([_A-Za-z][_A-Za-z0-9]*\)$/\1 \2 \2/p'\'' | sed '\''/ __gnu_lto/d'\'''
lt_cv_sys_global_symbol_to_c_name_address='sed -n -e '\''s/^: \(.*\) .*$/  {"\1", (void *) 0},/p'\'' -e '\''s/^[ABCDGIRSTW][ABCDGIRSTW]* .* \(.*\)$/  {"\1", (void *) \&\1},/p'\'''
lt_cv_sys_global_symbol_to_c_name_address_lib_prefix='sed -n -e '\''s/^: \(.*\) .*$/  {"\1", (void *) 0},/p'\'' -e '\''s/^[ABCDGIRSTW][ABCDGIRSTW]* .* \(lib.*\)$/  {"\1", (void *) \&\1},/p'\'' -e '\''s/^[ABCDGIRSTW][ABCDGIRSTW]* .* \(.*\)$/  {"lib\1", (void *) \&\1},/p'\'''
lt_cv_sys_global_symbol_to_cdecl='sed -n -e '\''s/^T .* \(.*\)$/extern int \1();/p'\'' -e '\''s/^[ABCDGIRSTW][ABCDGIRSTW]* .* \(.*\)$/extern char \1;/p'\'''
lt_cv_sys_global_symbol_to_import=
lt_cv_sys_max_cmd_len=1572864
lt_cv_to_host_file_cmd=func_convert_file_noop
lt_cv_to_tool_file_cmd=func_convert_file_noop
lt_cv_truncate_bin='/bin/dd bs=4096 count=1'

## ----------------- ##
## Output variables. ##
## ----------------- ##

ACLOCAL='${SHELL} /home/ryan/Desktop/openSMILE-2.1.0/missing aclocal-1.15'
AMDEPBACKSLASH='\'
AMDEP_FALSE='#'
AMDEP_TRUE=''
AMTAR='$${TAR-tar}'
AM_BACKSLASH='\'
AM_DEFAULT_V='$(AM_DEFAULT_VERBOSITY)'
AM_DEFAULT_VERBOSITY='1'
AM_V='$(V)'
ANDROID_LDFLAGS=''
AR='ar'
AUTOCONF='${SHELL} /home/ryan/Desktop/openSMILE-2.1.0/missing autoconf'
AUTOHEADER='${SHELL} /home/ryan/Desktop/openSMILE-2.1.0/missing autoheader'
AUTOMAKE='${SHELL} /home/ryan/Desktop/openSMILE-2.1.0/missing automake-1.15'
AWK='mawk'
BUILD_SEMAINExtract_FALSE=''
BUILD_SEMAINExtract_TRUE='#'
BUILD_SMILErec_FALSE=''
BUILD_SMILErec_TRUE='#'
BUILD_SMILEsync_FALSE=''
BUILD_SMILEsync_TRUE='#'
BUILD_SMILExtract_FALSE='#'
BUILD_SMILExtract_TRUE=''
BUILD_audiorecorder_FALSE=''
BUILD_audiorecorder_TRUE='#'
BUILD_audiosplit_FALSE=''
BUILD_audiosplit_TRUE='#'
CC='gcc'
CCDEPMODE='depmode=gcc3'
CFLAGS='-O2 -mfpmath=sse -march=native'
CPP='gcc -E'
CPPFLAGS=''
CXX='g++'
CXXCPP='g++ -E'
CXXDEPMODE='depmode=gcc3'
CXXFLAGS='-O2 -mfpmath=sse -march=native'
CYGPATH_W='echo'
DEFS='-DHAVE_CONFIG_H'
DEPDIR='.deps'
DLIB='-ldl'
DLLTOOL='false'
DSYMUTIL=''
DUMPBIN=''
ECHO_C=''
ECHO_N='-n'
ECHO_T=''
EGREP='/bin/grep -E'
EXEEXT=''
FGREP='/bin/grep -F'
GREP='/bin/grep'
INSTALL_DATA='${INSTALL} -m 644'
INSTALL_PROGRAM='${INSTALL}'
INSTALL_SCRIPT='${INSTALL}'
INSTALL_STRIP_PROGRAM='$(install_sh) -c -s'
LD='/usr/bin/ld -m elf_x86_64'
LDFLAGS=''
LIBOBJS=''
LIBS=''
LIBTOOL='$(SHELL) $(top_builddir)/libtool'
LIPO=''
LN_S='ln -s'
LTLIBOBJS=''
LT_SYS_LIBRARY_PATH=''
MAKEINFO='${SHELL} /home/ryan/Desktop/openSMILE-2.1.0/missing makeinfo'
MANIFEST_TOOL=':'
MKDIR_P='/bin/mkdir -p'
NM='/usr/bin/nm -B'
NMEDIT=''
OBJDUMP='objdump'
OBJEXT='o'
OPENCV_CPPFLAGS=''
OPENCV_LDFLAGS=''
OPENCV_ROOT='no'
OTOOL64=''
OTOOL=''
PACKAGE='opensmile'
PACKAGE_BUGREPORT=''
PACKAGE_NAME='openSMILE'
PACKAGE_STRING='openSMILE 2.0.0'
PACKAGE_TARNAME='opensmile'
PACKAGE_URL=''
PACKAGE_VERSION='2.0.0'
PATH_SEPARATOR=':'
PORTAUDIO_CPPFLAGS='-Iyes/include'
PORTAUDIO_LDFLAGS='-L/usr/local/lib -lportaudio -lasound -lm -lpthread'
PORTAUDIO_ROOT='yes'
PTHREAD_CC='gcc'
PTHREAD_CFLAGS=''
PTHREAD_LIBS='-lpthread'
RANLIB='ranlib'
RTNNLLIB_CFLAGS=''
RTNNLLIB_LIBS=''
RTNNLLIB_PREFIX=''
SED='/bin/sed'
SEMAINEAPI_CPPFLAGS=''
SEMAINEAPI_LDFLAGS=''
SEMAINEAPI_ROOT='/home/ryan'
SET_MAKE=''
SHELL='/bin/bash'
STRIP='strip'
VERSION='2.0.0'
ac_ct_AR='ar'
ac_ct_CC='gcc'
ac_ct_CXX='g++'
ac_ct_DUMPBIN=''
acx_pthread_config=''
am__EXEEXT_FALSE=''
am__EXEEXT_TRUE='#'
am__fastdepCC_FALSE='#'
am__fastdepCC_TRUE=''
am__fastdepCXX_FALSE='#'
am__fastdepCXX_TRUE=''
am__include='include'
am__isrc=''
am__leading_dot='.'
am__nodep='_no'
am__quote=''
am__tar='$${TAR-tar} chof - "$$tardir"'
am__untar='$${TAR-tar} xf -'
bindir='${exec_prefix}/bin'
build='x86_64-pc-linux-gnu'
build_alias=''
build_cpu='x86_64'
build_os='linux-gnu'
build_vendor='pc'
datadir='${datarootdir}'
datarootdir='${prefix}/share'
docdir='${datarootdir}/doc/${PACKAGE_TARNAME}'
dvidir='${docdir}'
exec_prefix='${prefix}'
host='x86_64-pc-linux-gnu'
host_alias=''
host_cpu='x86_64'
host_os='linux-gnu'
host_vendor='pc'
htmldir='${docdir}'
includedir='${prefix}/include'
infodir='${datarootdir}/info'
install_sh='${SHELL} /home/ryan/Desktop/openSMILE-2.1.0/install-sh'
libdir='${exec_prefix}/lib'
libexecdir='${exec_prefix}/libexec'
localedir='${datarootdir}/locale'
localstatedir='${prefix}/var'
mandir='${datarootdir}/man'
mkdir_p='$(MKDIR_P)'
oldincludedir='/usr/include'
pdfdir='${docdir}'
prefix='/home/ryan/Desktop/openSMILE-2.1.0/inst'
program_transform_name='s,x,x,'
psdir='${docdir}'
runstatedir='${localstatedir}/run'
sbindir='${exec_prefix}/sbin'
sharedstatedir='${prefix}/com'
sysconfdir='${prefix}/etc'
target_alias=''

## ----------- ##
## confdefs.h. ##
## ----------- ##

/* confdefs.h */
#define PACKAGE_NAME "openSMILE"
#define PACKAGE_TARNAME "opensmile"
#define PACKAGE_VERSION "2.0.0"
#define PACKAGE_STRING "openSMILE 2.0.0"
#define PACKAGE_BUGREPORT ""
#define PACKAGE_URL ""
#define PACKAGE "opensmile"
#define VERSION "2.0.0"
#define STDC_HEADERS 1
#define HAVE_SYS_TYPES_H 1
#define HAVE_SYS_STAT_H 1
#define HAVE_STDLIB_H 1
#define HAVE_STRING_H 1
#define HAVE_MEMORY_H 1
#define HAVE_STRINGS_H 1
#define HAVE_INTTYPES_H 1
#define HAVE_STDINT_H 1
#define HAVE_UNISTD_H 1
#define HAVE_DLFCN_H 1
#define LT_OBJDIR ".libs/"
#define HAVE_PORTAUDIO 1
#define HAVE_PORTAUDIO_V19 1
#define HAVE_PTHREAD 1
#define WITH_LIVEREC 1
#define HAVE_AUTOCONF 1

configure: exit 0

## ---------------------- ##
## Running config.status. ##
## ---------------------- ##

This file was extended by openSMILE config.status 2.0.0, which was
generated by GNU Autoconf 2.69.  Invocation command line was

  CONFIG_FILES    = 
  CONFIG_HEADERS  = 
  CONFIG_LINKS    = 
  CONFIG_COMMANDS = 
  $ ./config.status config.h

on ryan-VirtualBox

config.status:1182: creating config.h
config.status:1363: config.h is unchanged
